TN:
SF:main.js
FN:33,(anonymous_0)
FN:49,(anonymous_1)
FN:105,(anonymous_2)
FN:143,(anonymous_3)
FN:154,(anonymous_4)
FN:190,(anonymous_5)
FN:201,(anonymous_6)
FN:206,(anonymous_7)
FN:213,(anonymous_8)
FN:222,(anonymous_9)
FNF:10
FNH:1
FNDA:1,(anonymous_0)
FNDA:0,(anonymous_1)
FNDA:0,(anonymous_2)
FNDA:0,(anonymous_3)
FNDA:0,(anonymous_4)
FNDA:0,(anonymous_5)
FNDA:0,(anonymous_6)
FNDA:0,(anonymous_7)
FNDA:0,(anonymous_8)
FNDA:0,(anonymous_9)
DA:14,1
DA:15,1
DA:16,1
DA:17,1
DA:18,1
DA:19,1
DA:20,1
DA:21,1
DA:22,1
DA:23,1
DA:24,1
DA:25,1
DA:34,1
DA:35,1
DA:36,1
DA:37,1
DA:38,1
DA:39,1
DA:40,1
DA:41,1
DA:50,0
DA:52,0
DA:55,0
DA:56,0
DA:57,0
DA:58,0
DA:59,0
DA:60,0
DA:61,0
DA:62,0
DA:63,0
DA:70,0
DA:76,0
DA:81,0
DA:82,0
DA:86,0
DA:87,0
DA:95,0
DA:96,0
DA:99,0
DA:102,0
DA:105,0
DA:106,0
DA:110,0
DA:113,0
DA:114,0
DA:117,0
DA:118,0
DA:121,0
DA:122,0
DA:124,0
DA:132,0
DA:144,0
DA:145,0
DA:147,0
DA:155,0
DA:157,0
DA:158,0
DA:162,0
DA:163,0
DA:167,0
DA:168,0
DA:171,0
DA:179,0
DA:188,1
DA:190,1
DA:191,0
DA:198,0
DA:201,1
DA:202,0
DA:203,0
DA:206,1
DA:207,0
DA:208,0
DA:213,1
DA:214,0
DA:215,0
DA:219,0
DA:222,1
DA:223,0
DA:224,0
LF:81
LH:26
BRDA:67,0,0,0
BRDA:67,0,1,0
BRDA:157,1,0,0
BRDA:157,1,1,0
BRDA:162,2,0,0
BRDA:162,2,1,0
BRDA:167,3,0,0
BRDA:167,3,1,0
BRDA:207,4,0,0
BRDA:207,4,1,0
BRF:10
BRH:0
end_of_record
TN:
SF:src/add_recording.js
FN:9,main
FN:14,(anonymous_1)
FN:18,(anonymous_2)
FNF:3
FNH:3
FNDA:7,main
FNDA:7,(anonymous_1)
FNDA:7,(anonymous_2)
DA:7,7
DA:10,7
DA:12,7
DA:14,7
DA:15,7
DA:18,7
DA:19,7
DA:20,7
DA:23,4
DA:26,3
DA:27,3
DA:29,4
DA:30,4
DA:35,0
DA:36,0
DA:40,7
LF:16
LH:14
BRF:0
BRH:0
end_of_record
TN:
SF:src/database.js
FN:16,readDB
FN:31,writeDB
FN:45,getAll
FN:48,(anonymous_3)
FN:60,add
FN:92,search
FN:104,(anonymous_6)
FN:108,(anonymous_7)
FN:119,getById
FN:122,(anonymous_9)
FN:132,deleteById
FN:137,(anonymous_11)
FN:155,updateById
FN:158,(anonymous_13)
FNF:14
FNH:14
FNDA:23,readDB
FNDA:9,writeDB
FNDA:5,getAll
FNDA:4,(anonymous_3)
FNDA:6,add
FNDA:5,search
FNDA:12,(anonymous_6)
FNDA:3,(anonymous_7)
FNDA:2,getById
FNDA:3,(anonymous_9)
FNDA:2,deleteById
FNDA:2,(anonymous_11)
FNDA:3,updateById
FNDA:2,(anonymous_13)
DA:6,1
DA:7,1
DA:8,1
DA:10,1
DA:17,23
DA:18,23
DA:19,22
DA:22,2
DA:23,2
DA:32,9
DA:34,9
DA:35,9
DA:37,1
DA:46,5
DA:47,5
DA:48,5
DA:49,4
DA:51,5
DA:52,5
DA:61,6
DA:62,6
DA:65,6
DA:66,2
DA:67,2
DA:71,6
DA:72,3
DA:73,3
DA:74,3
DA:78,6
DA:81,6
DA:83,5
DA:84,5
DA:93,5
DA:94,5
DA:96,5
DA:97,1
DA:98,1
DA:101,4
DA:103,4
DA:105,12
DA:108,3
DA:110,4
DA:111,4
DA:120,2
DA:121,2
DA:122,3
DA:123,2
DA:124,2
DA:133,2
DA:134,2
DA:135,2
DA:137,2
DA:139,2
DA:140,1
DA:141,1
DA:142,1
DA:145,1
DA:146,1
DA:156,3
DA:157,3
DA:158,3
DA:160,3
DA:161,1
DA:162,1
DA:165,2
DA:166,2
DA:168,2
DA:169,2
DA:172,1
LF:69
LH:69
BRDA:65,0,0,2
BRDA:65,0,1,4
BRDA:71,1,0,3
BRDA:71,1,1,3
BRDA:73,2,0,3
BRDA:73,2,1,0
BRDA:73,3,0,3
BRDA:73,3,1,0
BRDA:96,4,0,1
BRDA:96,4,1,4
BRDA:96,5,0,5
BRDA:96,5,1,4
BRDA:105,6,0,12
BRDA:105,6,1,12
BRDA:122,7,0,2
BRDA:122,7,1,1
BRDA:139,8,0,1
BRDA:139,8,1,1
BRDA:160,9,0,1
BRDA:160,9,1,2
BRF:20
BRH:18
end_of_record
TN:
SF:src/config/constants.js
FNF:0
FNH:0
DA:16,5
DA:30,5
DA:49,5
DA:61,5
DA:76,5
DA:102,5
DA:113,5
DA:125,5
DA:137,5
DA:145,5
DA:154,5
DA:176,5
DA:184,5
DA:193,5
DA:205,5
DA:214,5
DA:236,5
DA:250,5
DA:265,5
DA:278,5
DA:297,5
DA:357,5
DA:412,5
DA:425,5
DA:438,5
DA:447,5
LF:26
LH:26
BRF:0
BRH:0
end_of_record
TN:
SF:src/js/error_handler.ts
FN:39,(anonymous_10)
FN:51,(anonymous_11)
FN:61,(anonymous_12)
FN:76,(anonymous_13)
FN:116,(anonymous_14)
FN:132,(anonymous_15)
FN:139,(anonymous_16)
FN:148,consoleObserver
FN:186,initializeErrorTracking
FN:203,(anonymous_19)
FN:212,(anonymous_20)
FN:221,(anonymous_21)
FN:223,(anonymous_22)
FN:269,captureError
FN:292,isSentryEnabled
FNF:15
FNH:15
FNDA:48,(anonymous_10)
FNDA:36,(anonymous_11)
FNDA:2,(anonymous_12)
FNDA:26,(anonymous_13)
FNDA:13,(anonymous_14)
FNDA:6,(anonymous_15)
FNDA:1,(anonymous_16)
FNDA:10,consoleObserver
FNDA:18,initializeErrorTracking
FNDA:3,(anonymous_19)
FNDA:1,(anonymous_20)
FNDA:1,(anonymous_21)
FNDA:2,(anonymous_22)
FNDA:7,captureError
FNDA:5,isSentryEnabled
DA:9,24
DA:10,24
DA:11,24
DA:28,24
DA:29,24
DA:30,24
DA:31,24
DA:36,48
DA:37,48
DA:40,48
DA:41,4
DA:44,44
DA:52,36
DA:53,35
DA:62,2
DA:63,2
DA:64,1
DA:83,26
DA:85,26
DA:88,26
DA:89,17
DA:90,17
DA:93,1
DA:98,26
DA:99,23
DA:100,23
DA:101,15
DA:103,3
DA:104,2
DA:106,1
DA:117,13
DA:118,13
DA:119,13
DA:121,13
DA:123,13
DA:124,1
DA:133,6
DA:140,1
DA:155,10
DA:156,10
DA:158,10
DA:159,10
DA:160,10
DA:161,10
DA:163,0
DA:164,0
DA:166,0
DA:173,24
DA:187,18
DA:188,2
DA:189,2
DA:192,16
DA:193,16
DA:194,3
DA:195,3
DA:198,13
DA:199,13
DA:205,3
DA:206,1
DA:207,1
DA:211,3
DA:212,1
DA:213,1
DA:214,1
DA:220,3
DA:221,1
DA:222,1
DA:223,1
DA:224,2
DA:225,2
DA:232,3
DA:241,11
DA:242,11
DA:247,2
DA:271,7
DA:278,7
DA:279,5
DA:293,5
DA:297,24
DA:298,24
DA:301,24
DA:302,24
DA:303,24
DA:304,24
DA:305,24
DA:306,24
LF:86
LH:83
BRDA:40,0,0,4
BRDA:52,1,0,35
BRDA:63,2,0,1
BRDA:81,3,0,11
BRDA:98,4,0,23
BRDA:98,4,1,3
BRDA:98,5,0,26
BRDA:98,5,1,5
BRDA:100,6,0,15
BRDA:100,7,0,23
BRDA:100,7,1,15
BRDA:103,8,0,2
BRDA:103,8,1,1
BRDA:116,9,0,10
BRDA:117,10,0,13
BRDA:117,10,1,0
BRDA:118,11,0,13
BRDA:118,11,1,0
BRDA:119,12,0,1
BRDA:119,12,1,12
BRDA:123,13,0,1
BRDA:158,14,0,10
BRDA:158,14,1,0
BRDA:158,15,0,10
BRDA:158,15,1,0
BRDA:160,16,0,10
BRDA:160,17,0,10
BRDA:160,17,1,10
BRDA:163,18,0,0
BRDA:163,18,1,0
BRDA:187,19,0,2
BRDA:193,20,0,3
BRDA:193,21,0,16
BRDA:193,21,1,14
BRDA:193,21,2,13
BRDA:201,22,0,13
BRDA:201,22,1,0
BRDA:205,23,0,1
BRDA:211,24,0,1
BRDA:213,25,0,1
BRDA:213,26,0,1
BRDA:213,26,1,1
BRDA:220,27,0,1
BRDA:220,28,0,3
BRDA:220,28,1,1
BRDA:222,29,0,1
BRDA:222,30,0,1
BRDA:222,30,1,1
BRDA:224,31,0,2
BRDA:269,32,0,2
BRDA:278,33,0,5
BRDA:280,34,0,5
BRDA:280,34,1,2
BRDA:281,35,0,5
BRDA:281,35,1,4
BRDA:282,36,0,5
BRDA:282,36,1,4
BRF:57
BRH:50
end_of_record
TN:
SF:src/js/process_manager.js
FN:25,(anonymous_0)
FN:45,(anonymous_1)
FN:73,(anonymous_2)
FN:78,(anonymous_3)
FN:106,(anonymous_4)
FN:112,(anonymous_5)
FN:137,(anonymous_6)
FN:152,(anonymous_7)
FN:161,(anonymous_8)
FN:189,(anonymous_9)
FN:210,(anonymous_10)
FN:234,(anonymous_11)
FN:247,(anonymous_12)
FNF:13
FNH:13
FNDA:33,(anonymous_0)
FNDA:31,(anonymous_1)
FNDA:1,(anonymous_2)
FNDA:13,(anonymous_3)
FNDA:1,(anonymous_4)
FNDA:1,(anonymous_5)
FNDA:11,(anonymous_6)
FNDA:6,(anonymous_7)
FNDA:6,(anonymous_8)
FNDA:1,(anonymous_9)
FNDA:3,(anonymous_10)
FNDA:2,(anonymous_11)
FNDA:2,(anonymous_12)
DA:14,2
DA:15,2
DA:16,2
DA:22,2
DA:26,33
DA:28,33
DA:29,33
DA:30,33
DA:31,33
DA:32,33
DA:33,33
DA:35,33
DA:36,33
DA:37,33
DA:38,33
DA:39,33
DA:46,31
DA:47,31
DA:48,1
DA:54,1
DA:57,30
DA:64,30
DA:69,30
DA:70,30
DA:73,30
DA:74,1
DA:75,1
DA:78,30
DA:79,13
DA:80,13
DA:82,13
DA:83,13
DA:91,13
DA:92,11
DA:93,2
DA:94,1
DA:100,1
DA:105,30
DA:106,30
DA:107,1
DA:111,30
DA:112,30
DA:113,1
DA:118,30
DA:119,7
DA:128,0
DA:129,0
DA:138,11
DA:141,11
DA:143,11
DA:150,11
DA:152,11
DA:153,6
DA:162,6
DA:163,5
DA:166,6
DA:167,1
DA:168,1
DA:171,6
DA:172,2
DA:175,4
DA:182,4
DA:184,4
DA:185,4
DA:189,4
DA:190,1
DA:191,1
DA:197,1
DA:202,0
DA:211,3
DA:212,1
DA:218,1
DA:221,2
DA:222,2
DA:223,1
DA:225,1
DA:226,1
DA:235,2
DA:248,2
DA:249,1
DA:255,1
DA:260,2
LF:82
LH:79
BRDA:25,0,0,0
BRDA:28,1,0,33
BRDA:28,1,1,1
BRDA:30,2,0,33
BRDA:30,2,1,1
BRDA:31,3,0,33
BRDA:31,3,1,33
BRDA:32,4,0,33
BRDA:32,4,1,1
BRDA:33,5,0,33
BRDA:33,5,1,1
BRDA:47,6,0,1
BRDA:47,6,1,30
BRDA:82,7,0,0
BRDA:82,7,1,13
BRDA:91,8,0,11
BRDA:91,8,1,2
BRDA:91,9,0,13
BRDA:91,9,1,12
BRDA:93,10,0,1
BRDA:93,10,1,1
BRDA:105,11,0,30
BRDA:105,11,1,0
BRDA:111,12,0,30
BRDA:111,12,1,0
BRDA:118,13,0,7
BRDA:118,13,1,23
BRDA:161,14,0,5
BRDA:162,15,0,5
BRDA:162,15,1,1
BRDA:166,16,0,1
BRDA:166,16,1,5
BRDA:171,17,0,2
BRDA:171,17,1,4
BRDA:171,18,0,6
BRDA:171,18,1,4
BRDA:184,19,0,4
BRDA:184,19,1,0
BRDA:184,20,0,4
BRDA:184,20,1,4
BRDA:190,21,0,1
BRDA:190,21,1,0
BRDA:190,22,0,1
BRDA:190,22,1,1
BRDA:211,23,0,1
BRDA:211,23,1,2
BRDA:211,24,0,3
BRDA:211,24,1,2
BRDA:211,24,2,2
BRDA:240,25,0,1
BRDA:240,25,1,1
BRDA:248,26,0,1
BRDA:248,26,1,1
BRF:53
BRH:47
end_of_record
TN:
SF:src/js/ipc/handlers.ts
FN:57,(anonymous_9)
FN:71,(anonymous_10)
FN:86,(anonymous_11)
FN:94,(anonymous_12)
FN:112,(anonymous_13)
FN:133,(anonymous_14)
FN:143,(anonymous_15)
FN:162,(anonymous_16)
FN:187,(anonymous_17)
FN:210,(anonymous_18)
FN:217,(anonymous_19)
FN:231,(anonymous_20)
FN:249,(anonymous_21)
FNF:13
FNH:13
FNDA:23,(anonymous_9)
FNDA:1,(anonymous_10)
FNDA:7,(anonymous_11)
FNDA:3,(anonymous_12)
FNDA:3,(anonymous_13)
FNDA:11,(anonymous_14)
FNDA:3,(anonymous_15)
FNDA:4,(anonymous_16)
FNDA:3,(anonymous_17)
FNDA:5,(anonymous_18)
FNDA:2,(anonymous_19)
FNDA:2,(anonymous_20)
FNDA:1,(anonymous_21)
DA:10,1
DA:11,1
DA:12,1
DA:14,1
DA:15,1
DA:16,1
DA:58,23
DA:59,23
DA:72,1
DA:73,1
DA:74,1
DA:94,7
DA:95,3
DA:96,3
DA:97,2
DA:99,2
DA:100,2
DA:112,7
DA:113,3
DA:114,3
DA:115,2
DA:117,2
DA:118,2
DA:143,11
DA:144,3
DA:145,3
DA:146,1
DA:148,2
DA:149,2
DA:162,11
DA:163,4
DA:164,4
DA:165,4
DA:167,1
DA:170,3
DA:171,2
DA:173,1
DA:176,1
DA:187,11
DA:188,3
DA:189,3
DA:190,3
DA:192,1
DA:194,2
DA:196,1
DA:217,5
DA:218,2
DA:219,2
DA:221,1
DA:231,5
DA:232,2
DA:233,2
DA:235,1
DA:250,1
DA:251,1
DA:252,1
DA:253,1
DA:254,1
DA:255,1
DA:256,1
DA:260,1
LF:61
LH:61
BRDA:96,0,0,1
BRDA:114,1,0,1
BRDA:170,2,0,2
BRDA:170,2,1,1
BRF:4
BRH:4
end_of_record
TN:
SF:src/js/managers/recorder_manager.ts
FN:48,(anonymous_10)
FN:59,(anonymous_11)
FN:94,(anonymous_12)
FN:156,(anonymous_13)
FN:175,(anonymous_14)
FN:192,(anonymous_15)
FN:202,(anonymous_16)
FN:219,(anonymous_17)
FN:256,(anonymous_18)
FN:291,(anonymous_19)
FN:303,(anonymous_20)
FN:314,(anonymous_21)
FN:331,(anonymous_22)
FN:342,(anonymous_23)
FNF:14
FNH:14
FNDA:38,(anonymous_10)
FNDA:4,(anonymous_11)
FNDA:6,(anonymous_12)
FNDA:1,(anonymous_13)
FNDA:1,(anonymous_14)
FNDA:1,(anonymous_15)
FNDA:1,(anonymous_16)
FNDA:4,(anonymous_17)
FNDA:4,(anonymous_18)
FNDA:3,(anonymous_19)
FNDA:3,(anonymous_20)
FNDA:14,(anonymous_21)
FNDA:5,(anonymous_22)
FNDA:4,(anonymous_23)
DA:15,1
DA:16,1
DA:17,1
DA:19,1
DA:20,1
DA:21,1
DA:22,1
DA:26,1
DA:27,1
DA:37,38
DA:38,38
DA:39,38
DA:40,38
DA:49,38
DA:50,38
DA:60,4
DA:61,4
DA:64,4
DA:65,4
DA:68,4
DA:78,4
DA:79,4
DA:80,4
DA:81,4
DA:82,4
DA:85,4
DA:95,6
DA:97,6
DA:98,6
DA:103,6
DA:104,6
DA:105,1
DA:106,1
DA:107,5
DA:108,2
DA:109,1
DA:110,1
DA:111,3
DA:112,2
DA:113,2
DA:116,2
DA:117,0
DA:118,0
DA:119,0
DA:121,2
DA:123,2
DA:124,1
DA:125,1
DA:129,1
DA:130,1
DA:132,1
DA:133,1
DA:135,1
DA:136,1
DA:137,1
DA:138,1
DA:139,1
DA:140,0
DA:141,0
DA:143,1
DA:146,1
DA:157,1
DA:158,1
DA:159,1
DA:164,1
DA:176,1
DA:177,1
DA:178,1
DA:182,1
DA:193,1
DA:195,1
DA:203,1
DA:205,1
DA:210,1
DA:220,4
DA:221,2
DA:222,2
DA:223,2
DA:224,2
DA:227,2
DA:228,2
DA:234,2
DA:235,2
DA:240,2
DA:241,1
DA:242,1
DA:243,1
DA:244,1
DA:247,1
DA:257,4
DA:258,2
DA:259,2
DA:260,2
DA:263,2
DA:264,2
DA:270,2
DA:271,2
DA:276,2
DA:277,1
DA:278,1
DA:281,1
DA:292,3
DA:293,2
DA:294,2
DA:304,3
DA:315,14
DA:316,12
DA:317,6
DA:319,6
DA:332,5
DA:343,4
DA:344,2
DA:349,1
LF:113
LH:108
BRDA:104,0,0,1
BRDA:104,0,1,5
BRDA:107,1,0,2
BRDA:107,1,1,3
BRDA:111,2,0,2
BRDA:111,2,1,1
BRDA:116,3,0,0
BRDA:123,4,0,1
BRDA:123,4,1,1
BRDA:123,5,0,2
BRDA:123,5,1,2
BRDA:135,6,0,1
BRDA:139,7,0,0
BRDA:220,8,0,2
BRDA:220,9,0,4
BRDA:220,9,1,3
BRDA:240,10,0,1
BRDA:257,11,0,2
BRDA:257,12,0,4
BRDA:257,12,1,3
BRDA:276,13,0,1
BRDA:291,14,0,2
BRDA:292,15,0,2
BRDA:314,16,0,8
BRDA:315,17,0,12
BRDA:315,18,0,14
BRDA:315,18,1,13
BRDA:316,19,0,6
BRDA:316,19,1,6
BRDA:343,20,0,2
BRF:30
BRH:28
end_of_record
TN:
SF:src/js/managers/shortcut_manager.ts
FN:40,(anonymous_1)
FN:50,(anonymous_2)
FN:53,(anonymous_3)
FN:86,(anonymous_4)
FN:103,(anonymous_5)
FN:124,(anonymous_6)
FNF:6
FNH:6
FNDA:24,(anonymous_1)
FNDA:9,(anonymous_2)
FNDA:2,(anonymous_3)
FNDA:7,(anonymous_4)
FNDA:6,(anonymous_5)
FNDA:5,(anonymous_6)
DA:11,1
DA:12,1
DA:13,1
DA:14,1
DA:33,24
DA:41,24
DA:51,9
DA:52,9
DA:53,9
DA:54,2
DA:57,8
DA:58,5
DA:59,5
DA:65,5
DA:67,3
DA:73,3
DA:76,1
DA:77,1
DA:87,7
DA:88,7
DA:89,4
DA:91,3
DA:94,1
DA:104,6
DA:105,6
DA:106,4
DA:107,4
DA:114,2
DA:125,5
DA:129,1
LF:30
LH:30
BRDA:51,0,0,9
BRDA:51,0,1,8
BRDA:57,1,0,5
BRDA:57,1,1,3
BRDA:88,2,0,4
BRDA:88,2,1,3
BRF:6
BRH:6
end_of_record
TN:
SF:src/js/managers/window_manager.ts
FN:22,(anonymous_10)
FN:32,(anonymous_11)
FN:52,(anonymous_12)
FN:64,(anonymous_13)
FN:76,(anonymous_14)
FN:85,(anonymous_15)
FN:92,(anonymous_16)
FNF:7
FNH:7
FNDA:18,(anonymous_10)
FNDA:12,(anonymous_11)
FNDA:15,(anonymous_12)
FNDA:3,(anonymous_13)
FNDA:2,(anonymous_14)
FNDA:24,(anonymous_15)
FNDA:3,(anonymous_16)
DA:14,1
DA:15,1
DA:16,1
DA:19,18
DA:23,18
DA:33,12
DA:43,12
DA:44,12
DA:53,15
DA:54,2
DA:56,13
DA:65,3
DA:66,2
DA:68,1
DA:77,2
DA:86,24
DA:93,3
DA:94,1
DA:95,1
DA:100,1
LF:20
LH:20
BRDA:53,0,0,2
BRDA:65,1,0,2
BRDA:86,2,0,24
BRDA:86,2,1,20
BRDA:93,3,0,1
BRF:5
BRH:5
end_of_record
TN:
SF:src/js/services/transcription_service.ts
FN:50,(anonymous_10)
FN:75,(anonymous_11)
FN:76,(anonymous_12)
FN:103,(anonymous_13)
FN:122,(anonymous_14)
FN:130,(anonymous_15)
FN:146,(anonymous_16)
FN:215,(anonymous_17)
FNF:8
FNH:8
FNDA:16,(anonymous_10)
FNDA:11,(anonymous_11)
FNDA:11,(anonymous_12)
FNDA:7,(anonymous_13)
FNDA:1,(anonymous_14)
FNDA:1,(anonymous_15)
FNDA:7,(anonymous_16)
FNDA:25,(anonymous_17)
DA:10,1
DA:11,1
DA:12,1
DA:13,1
DA:15,1
DA:16,1
DA:17,1
DA:22,1
DA:23,1
DA:51,16
DA:52,16
DA:53,16
DA:54,16
DA:76,11
DA:78,11
DA:80,11
DA:82,11
DA:83,11
DA:85,2
DA:86,2
DA:87,2
DA:88,2
DA:92,2
DA:93,2
DA:96,9
DA:97,9
DA:99,9
DA:101,8
DA:103,8
DA:104,7
DA:106,7
DA:107,7
DA:112,7
DA:113,5
DA:114,5
DA:116,2
DA:117,1
DA:118,1
DA:122,8
DA:123,1
DA:124,1
DA:130,8
DA:131,1
DA:132,1
DA:133,1
DA:134,1
DA:142,1
DA:143,1
DA:146,8
DA:148,7
DA:150,7
DA:151,5
DA:152,5
DA:153,5
DA:155,5
DA:156,5
DA:158,2
DA:159,2
DA:160,2
DA:161,2
DA:162,2
DA:165,2
DA:166,2
DA:167,2
DA:168,0
DA:174,2
DA:183,2
DA:184,2
DA:189,1
DA:190,1
DA:191,1
DA:192,1
DA:196,1
DA:197,1
DA:216,25
DA:217,23
DA:218,8
DA:220,15
DA:226,1
LF:79
LH:78
BRDA:112,0,0,5
BRDA:112,0,1,2
BRDA:116,1,0,1
BRDA:150,2,0,5
BRDA:150,2,1,2
BRDA:167,3,0,0
BRDA:215,4,0,15
BRDA:216,5,0,23
BRDA:216,6,0,25
BRDA:216,6,1,24
BRDA:217,7,0,8
BRDA:217,7,1,15
BRF:12
BRH:11
end_of_record
TN:
SF:src/js/utils/file_validator.js
FN:28,(anonymous_0)
FN:53,(anonymous_1)
FN:78,(anonymous_2)
FN:100,(anonymous_3)
FN:136,(anonymous_4)
FN:162,(anonymous_5)
FNF:6
FNH:0
FNDA:0,(anonymous_0)
FNDA:0,(anonymous_1)
FNDA:0,(anonymous_2)
FNDA:0,(anonymous_3)
FNDA:0,(anonymous_4)
FNDA:0,(anonymous_5)
DA:8,2
DA:9,2
DA:10,2
DA:29,0
DA:30,0
DA:36,0
DA:54,0
DA:55,0
DA:56,0
DA:62,0
DA:79,0
DA:80,0
DA:101,0
DA:102,0
DA:105,0
DA:106,0
DA:108,0
DA:109,0
DA:115,0
DA:137,0
DA:138,0
DA:144,0
DA:163,0
DA:164,0
DA:170,0
DA:172,0
DA:176,2
LF:27
LH:4
BRDA:29,0,0,0
BRDA:29,0,1,0
BRDA:55,1,0,0
BRDA:55,1,1,0
BRDA:106,2,0,0
BRDA:106,2,1,0
BRDA:106,2,2,0
BRDA:108,3,0,0
BRDA:108,3,1,0
BRDA:136,4,0,0
BRDA:137,5,0,0
BRDA:137,5,1,0
BRDA:163,6,0,0
BRDA:163,6,1,0
BRF:14
BRH:0
end_of_record
TN:
SF:src/server/metrics_server.ts
FN:19,(anonymous_10)
FN:32,(anonymous_11)
FN:40,(anonymous_12)
FN:69,(anonymous_13)
FN:74,(anonymous_14)
FN:84,(anonymous_15)
FN:86,(anonymous_16)
FNF:7
FNH:6
FNDA:15,(anonymous_10)
FNDA:11,(anonymous_11)
FNDA:6,(anonymous_12)
FNDA:10,(anonymous_13)
FNDA:0,(anonymous_14)
FNDA:13,(anonymous_15)
FNDA:10,(anonymous_16)
DA:11,1
DA:12,1
DA:13,1
DA:14,1
DA:20,15
DA:33,11
DA:34,1
DA:35,1
DA:38,10
DA:40,10
DA:41,6
DA:42,6
DA:44,1
DA:45,1
DA:46,1
DA:47,5
DA:49,1
DA:50,1
DA:51,1
DA:57,4
DA:58,4
DA:59,4
DA:62,0
DA:63,0
DA:64,0
DA:65,0
DA:69,10
DA:70,10
DA:74,10
DA:75,0
DA:85,13
DA:86,10
DA:87,10
DA:89,10
DA:94,1
LF:35
LH:30
BRDA:33,0,0,1
BRDA:42,1,0,1
BRDA:42,1,1,5
BRDA:42,2,0,6
BRDA:42,2,1,2
BRDA:47,3,0,1
BRDA:47,3,1,4
BRDA:47,4,0,5
BRDA:47,4,1,2
BRDA:85,5,0,10
BRF:10
BRH:10
end_of_record
TN:
SF:src/utils/logger.ts
FN:29,(anonymous_9)
FNF:1
FNH:1
FNDA:5,(anonymous_9)
DA:12,22
DA:13,22
DA:14,22
DA:17,22
DA:20,22
DA:26,22
DA:30,5
DA:33,5
DA:34,2
DA:37,5
DA:45,22
DA:55,22
DA:67,22
DA:77,22
DA:84,22
DA:110,22
LF:16
LH:16
BRDA:17,0,0,22
BRDA:17,0,1,21
BRDA:33,1,0,2
BRF:3
BRH:3
end_of_record
TN:
SF:src/utils/metrics.ts
FNF:0
FNH:0
DA:21,28
DA:22,28
DA:25,28
DA:28,28
DA:29,1
DA:40,28
DA:53,28
DA:65,28
DA:76,28
DA:86,28
DA:97,28
DA:109,28
DA:118,28
DA:119,28
DA:120,28
DA:121,28
DA:122,28
DA:123,28
DA:124,28
DA:125,28
LF:20
LH:20
BRDA:28,0,0,1
BRF:1
BRH:1
end_of_record
