TN:
SF:src/add_recording.js
FN:9,main
FN:14,(anonymous_1)
FN:18,(anonymous_2)
FNF:3
FNH:3
FNDA:7,main
FNDA:7,(anonymous_1)
FNDA:7,(anonymous_2)
DA:7,7
DA:10,7
DA:12,7
DA:14,7
DA:15,7
DA:18,7
DA:19,7
DA:20,7
DA:23,4
DA:26,3
DA:27,3
DA:29,4
DA:30,4
DA:35,0
DA:36,0
DA:40,7
LF:16
LH:14
BRF:0
BRH:0
end_of_record
TN:
SF:src/database.js
FN:15,readDB
FN:30,writeDB
FN:44,getAll
FN:46,(anonymous_3)
FN:56,add
FN:86,search
FN:96,(anonymous_6)
FN:100,(anonymous_7)
FN:108,getById
FN:110,(anonymous_9)
FN:118,deleteById
FN:122,(anonymous_11)
FN:138,updateById
FN:140,(anonymous_13)
FNF:14
FNH:14
FNDA:23,readDB
FNDA:9,writeDB
FNDA:5,getAll
FNDA:4,(anonymous_3)
FNDA:6,add
FNDA:5,search
FNDA:12,(anonymous_6)
FNDA:3,(anonymous_7)
FNDA:2,getById
FNDA:3,(anonymous_9)
FNDA:2,deleteById
FNDA:2,(anonymous_11)
FNDA:3,updateById
FNDA:2,(anonymous_13)
DA:6,1
DA:7,1
DA:9,1
DA:16,23
DA:17,23
DA:18,22
DA:21,2
DA:22,2
DA:31,9
DA:33,9
DA:34,9
DA:36,1
DA:45,5
DA:46,5
DA:47,4
DA:57,6
DA:60,6
DA:61,2
DA:62,2
DA:66,6
DA:67,3
DA:68,3
DA:69,3
DA:73,6
DA:76,6
DA:78,5
DA:87,5
DA:89,5
DA:90,1
DA:93,4
DA:95,4
DA:97,12
DA:100,3
DA:109,2
DA:110,3
DA:119,2
DA:120,2
DA:122,2
DA:124,2
DA:125,1
DA:126,1
DA:129,1
DA:139,3
DA:140,3
DA:142,3
DA:143,1
DA:146,2
DA:147,2
DA:149,2
DA:152,1
LF:50
LH:50
BRDA:60,0,0,2
BRDA:60,0,1,4
BRDA:66,1,0,3
BRDA:66,1,1,3
BRDA:68,2,0,3
BRDA:68,2,1,0
BRDA:68,3,0,3
BRDA:68,3,1,0
BRDA:89,4,0,1
BRDA:89,4,1,4
BRDA:89,5,0,5
BRDA:89,5,1,4
BRDA:97,6,0,12
BRDA:97,6,1,12
BRDA:110,7,0,2
BRDA:110,7,1,1
BRDA:124,8,0,1
BRDA:124,8,1,1
BRDA:142,9,0,1
BRDA:142,9,1,2
BRF:20
BRH:18
end_of_record
TN:
SF:src/js/error_handler.js
FN:16,(anonymous_0)
FN:30,(anonymous_1)
FN:40,(anonymous_2)
FN:55,(anonymous_3)
FN:89,(anonymous_4)
FN:105,(anonymous_5)
FN:112,(anonymous_6)
FN:121,consoleObserver
FNF:8
FNH:7
FNDA:25,(anonymous_0)
FNDA:12,(anonymous_1)
FNDA:2,(anonymous_2)
FNDA:16,(anonymous_3)
FNDA:3,(anonymous_4)
FNDA:6,(anonymous_5)
FNDA:1,(anonymous_6)
FNDA:0,consoleObserver
DA:9,1
DA:10,1
DA:11,1
DA:12,1
DA:17,25
DA:18,4
DA:21,21
DA:22,21
DA:23,21
DA:31,12
DA:32,11
DA:41,2
DA:42,2
DA:43,1
DA:56,16
DA:58,16
DA:61,16
DA:62,7
DA:63,7
DA:66,1
DA:71,16
DA:72,13
DA:73,13
DA:74,5
DA:76,3
DA:77,2
DA:79,1
DA:90,3
DA:91,3
DA:92,3
DA:94,3
DA:96,3
DA:97,1
DA:106,6
DA:113,1
DA:122,0
DA:123,0
DA:125,0
DA:126,0
DA:127,0
DA:128,0
DA:130,0
DA:131,0
DA:133,0
DA:138,1
DA:139,1
DA:141,1
LF:47
LH:38
BRDA:17,0,0,4
BRDA:17,0,1,21
BRDA:31,1,0,11
BRDA:31,1,1,1
BRDA:42,2,0,1
BRDA:42,2,1,1
BRDA:55,3,0,11
BRDA:71,4,0,13
BRDA:71,4,1,3
BRDA:71,5,0,16
BRDA:71,5,1,5
BRDA:73,6,0,5
BRDA:73,6,1,8
BRDA:73,7,0,13
BRDA:73,7,1,5
BRDA:76,8,0,2
BRDA:76,8,1,1
BRDA:89,9,0,0
BRDA:90,10,0,3
BRDA:90,10,1,0
BRDA:91,11,0,3
BRDA:91,11,1,0
BRDA:92,12,0,1
BRDA:92,12,1,2
BRDA:96,13,0,1
BRDA:96,13,1,2
BRDA:125,14,0,0
BRDA:125,14,1,0
BRDA:125,15,0,0
BRDA:125,15,1,0
BRDA:127,16,0,0
BRDA:127,16,1,0
BRDA:127,17,0,0
BRDA:127,17,1,0
BRDA:130,18,0,0
BRDA:130,18,1,0
BRF:36
BRH:23
end_of_record
TN:
SF:src/js/process_manager.js
FN:19,(anonymous_0)
FN:39,(anonymous_1)
FN:67,(anonymous_2)
FN:72,(anonymous_3)
FN:100,(anonymous_4)
FN:106,(anonymous_5)
FN:131,(anonymous_6)
FN:146,(anonymous_7)
FN:155,(anonymous_8)
FN:183,(anonymous_9)
FN:204,(anonymous_10)
FN:228,(anonymous_11)
FN:241,(anonymous_12)
FNF:13
FNH:13
FNDA:33,(anonymous_0)
FNDA:30,(anonymous_1)
FNDA:1,(anonymous_2)
FNDA:17,(anonymous_3)
FNDA:1,(anonymous_4)
FNDA:1,(anonymous_5)
FNDA:12,(anonymous_6)
FNDA:5,(anonymous_7)
FNDA:6,(anonymous_8)
FNDA:1,(anonymous_9)
FNDA:3,(anonymous_10)
FNDA:2,(anonymous_11)
FNDA:2,(anonymous_12)
DA:14,1
DA:15,1
DA:16,1
DA:20,33
DA:22,33
DA:23,33
DA:24,33
DA:25,33
DA:26,33
DA:27,33
DA:29,33
DA:30,33
DA:31,33
DA:32,33
DA:33,33
DA:40,30
DA:41,30
DA:42,1
DA:48,1
DA:51,29
DA:58,29
DA:63,29
DA:64,29
DA:67,29
DA:68,1
DA:69,1
DA:72,29
DA:73,17
DA:74,17
DA:76,17
DA:77,17
DA:85,17
DA:86,12
DA:87,5
DA:88,4
DA:94,4
DA:99,29
DA:100,29
DA:101,1
DA:105,29
DA:106,29
DA:107,1
DA:112,29
DA:113,6
DA:122,0
DA:123,0
DA:132,12
DA:135,12
DA:137,12
DA:144,12
DA:146,12
DA:147,5
DA:156,6
DA:157,5
DA:160,6
DA:161,1
DA:162,1
DA:165,6
DA:166,2
DA:169,4
DA:176,4
DA:178,4
DA:179,4
DA:183,4
DA:184,1
DA:185,1
DA:191,1
DA:196,0
DA:205,3
DA:206,1
DA:212,1
DA:215,2
DA:216,2
DA:217,1
DA:219,1
DA:220,1
DA:229,2
DA:242,2
DA:243,1
DA:249,1
DA:254,1
LF:81
LH:78
BRDA:19,0,0,0
BRDA:22,1,0,33
BRDA:22,1,1,1
BRDA:24,2,0,33
BRDA:24,2,1,1
BRDA:25,3,0,33
BRDA:25,3,1,33
BRDA:26,4,0,33
BRDA:26,4,1,1
BRDA:27,5,0,33
BRDA:27,5,1,1
BRDA:41,6,0,1
BRDA:41,6,1,29
BRDA:76,7,0,0
BRDA:76,7,1,17
BRDA:85,8,0,12
BRDA:85,8,1,5
BRDA:85,9,0,17
BRDA:85,9,1,16
BRDA:87,10,0,4
BRDA:87,10,1,1
BRDA:99,11,0,29
BRDA:99,11,1,0
BRDA:105,12,0,29
BRDA:105,12,1,0
BRDA:112,13,0,6
BRDA:112,13,1,23
BRDA:155,14,0,5
BRDA:156,15,0,5
BRDA:156,15,1,1
BRDA:160,16,0,1
BRDA:160,16,1,5
BRDA:165,17,0,2
BRDA:165,17,1,4
BRDA:165,18,0,6
BRDA:165,18,1,4
BRDA:178,19,0,4
BRDA:178,19,1,0
BRDA:178,20,0,4
BRDA:178,20,1,4
BRDA:184,21,0,1
BRDA:184,21,1,0
BRDA:184,22,0,1
BRDA:184,22,1,1
BRDA:205,23,0,1
BRDA:205,23,1,2
BRDA:205,24,0,3
BRDA:205,24,1,2
BRDA:205,24,2,2
BRDA:234,25,0,1
BRDA:234,25,1,1
BRDA:242,26,0,1
BRDA:242,26,1,1
BRF:53
BRH:47
end_of_record
