TN:
SF:src/add_recording.js
FN:9,main
FN:14,(anonymous_1)
FN:18,(anonymous_2)
FNF:3
FNH:3
FNDA:7,main
FNDA:7,(anonymous_1)
FNDA:7,(anonymous_2)
DA:7,7
DA:10,7
DA:12,7
DA:14,7
DA:15,7
DA:18,7
DA:19,7
DA:20,7
DA:23,4
DA:26,3
DA:27,3
DA:29,4
DA:30,4
DA:35,0
DA:36,0
DA:40,7
LF:16
LH:14
BRF:0
BRH:0
end_of_record
TN:
SF:src/database.js
FN:15,readDB
FN:30,writeDB
FN:44,getAll
FN:46,(anonymous_3)
FN:56,add
FN:86,search
FN:96,(anonymous_6)
FN:100,(anonymous_7)
FN:108,getById
FN:110,(anonymous_9)
FN:118,deleteById
FN:122,(anonymous_11)
FN:138,updateById
FN:140,(anonymous_13)
FNF:14
FNH:0
FNDA:0,readDB
FNDA:0,writeDB
FNDA:0,getAll
FNDA:0,(anonymous_3)
FNDA:0,add
FNDA:0,search
FNDA:0,(anonymous_6)
FNDA:0,(anonymous_7)
FNDA:0,getById
FNDA:0,(anonymous_9)
FNDA:0,deleteById
FNDA:0,(anonymous_11)
FNDA:0,updateById
FNDA:0,(anonymous_13)
DA:6,0
DA:7,0
DA:9,0
DA:16,0
DA:17,0
DA:18,0
DA:21,0
DA:22,0
DA:31,0
DA:33,0
DA:34,0
DA:36,0
DA:45,0
DA:46,0
DA:47,0
DA:57,0
DA:60,0
DA:61,0
DA:62,0
DA:66,0
DA:67,0
DA:68,0
DA:69,0
DA:73,0
DA:76,0
DA:78,0
DA:87,0
DA:89,0
DA:90,0
DA:93,0
DA:95,0
DA:97,0
DA:100,0
DA:109,0
DA:110,0
DA:119,0
DA:120,0
DA:122,0
DA:124,0
DA:125,0
DA:126,0
DA:129,0
DA:139,0
DA:140,0
DA:142,0
DA:143,0
DA:146,0
DA:147,0
DA:149,0
DA:152,0
LF:50
LH:0
BRDA:60,0,0,0
BRDA:60,0,1,0
BRDA:66,1,0,0
BRDA:66,1,1,0
BRDA:68,2,0,0
BRDA:68,2,1,0
BRDA:68,3,0,0
BRDA:68,3,1,0
BRDA:89,4,0,0
BRDA:89,4,1,0
BRDA:89,5,0,0
BRDA:89,5,1,0
BRDA:97,6,0,0
BRDA:97,6,1,0
BRDA:110,7,0,0
BRDA:110,7,1,0
BRDA:124,8,0,0
BRDA:124,8,1,0
BRDA:142,9,0,0
BRDA:142,9,1,0
BRF:20
BRH:0
end_of_record
TN:
SF:src/js/error_handler.js
FN:16,(anonymous_0)
FN:30,(anonymous_1)
FN:40,(anonymous_2)
FN:55,(anonymous_3)
FN:89,(anonymous_4)
FN:105,(anonymous_5)
FN:112,(anonymous_6)
FN:121,consoleObserver
FNF:8
FNH:7
FNDA:25,(anonymous_0)
FNDA:12,(anonymous_1)
FNDA:2,(anonymous_2)
FNDA:16,(anonymous_3)
FNDA:3,(anonymous_4)
FNDA:6,(anonymous_5)
FNDA:1,(anonymous_6)
FNDA:0,consoleObserver
DA:9,1
DA:10,1
DA:11,1
DA:12,1
DA:17,25
DA:18,4
DA:21,21
DA:22,21
DA:23,21
DA:31,12
DA:32,11
DA:41,2
DA:42,2
DA:43,1
DA:56,16
DA:58,16
DA:61,16
DA:62,7
DA:63,7
DA:66,1
DA:71,16
DA:72,13
DA:73,13
DA:74,5
DA:76,3
DA:77,2
DA:79,1
DA:90,3
DA:91,3
DA:92,3
DA:94,3
DA:96,3
DA:97,1
DA:106,6
DA:113,1
DA:122,0
DA:123,0
DA:125,0
DA:126,0
DA:127,0
DA:128,0
DA:130,0
DA:131,0
DA:133,0
DA:138,1
DA:139,1
DA:141,1
LF:47
LH:38
BRDA:17,0,0,4
BRDA:17,0,1,21
BRDA:31,1,0,11
BRDA:31,1,1,1
BRDA:42,2,0,1
BRDA:42,2,1,1
BRDA:55,3,0,11
BRDA:71,4,0,13
BRDA:71,4,1,3
BRDA:71,5,0,16
BRDA:71,5,1,5
BRDA:73,6,0,5
BRDA:73,6,1,8
BRDA:73,7,0,13
BRDA:73,7,1,5
BRDA:76,8,0,2
BRDA:76,8,1,1
BRDA:89,9,0,0
BRDA:90,10,0,3
BRDA:90,10,1,0
BRDA:91,11,0,3
BRDA:91,11,1,0
BRDA:92,12,0,1
BRDA:92,12,1,2
BRDA:96,13,0,1
BRDA:96,13,1,2
BRDA:125,14,0,0
BRDA:125,14,1,0
BRDA:125,15,0,0
BRDA:125,15,1,0
BRDA:127,16,0,0
BRDA:127,16,1,0
BRDA:127,17,0,0
BRDA:127,17,1,0
BRDA:130,18,0,0
BRDA:130,18,1,0
BRF:36
BRH:23
end_of_record
TN:
SF:src/js/process_manager.js
FN:25,(anonymous_0)
FN:45,(anonymous_1)
FN:73,(anonymous_2)
FN:78,(anonymous_3)
FN:106,(anonymous_4)
FN:112,(anonymous_5)
FN:137,(anonymous_6)
FN:152,(anonymous_7)
FN:161,(anonymous_8)
FN:189,(anonymous_9)
FN:210,(anonymous_10)
FN:234,(anonymous_11)
FN:247,(anonymous_12)
FNF:13
FNH:0
FNDA:0,(anonymous_0)
FNDA:0,(anonymous_1)
FNDA:0,(anonymous_2)
FNDA:0,(anonymous_3)
FNDA:0,(anonymous_4)
FNDA:0,(anonymous_5)
FNDA:0,(anonymous_6)
FNDA:0,(anonymous_7)
FNDA:0,(anonymous_8)
FNDA:0,(anonymous_9)
FNDA:0,(anonymous_10)
FNDA:0,(anonymous_11)
FNDA:0,(anonymous_12)
DA:14,0
DA:15,0
DA:16,0
DA:22,0
DA:26,0
DA:28,0
DA:29,0
DA:30,0
DA:31,0
DA:32,0
DA:33,0
DA:35,0
DA:36,0
DA:37,0
DA:38,0
DA:39,0
DA:46,0
DA:47,0
DA:48,0
DA:54,0
DA:57,0
DA:64,0
DA:69,0
DA:70,0
DA:73,0
DA:74,0
DA:75,0
DA:78,0
DA:79,0
DA:80,0
DA:82,0
DA:83,0
DA:91,0
DA:92,0
DA:93,0
DA:94,0
DA:100,0
DA:105,0
DA:106,0
DA:107,0
DA:111,0
DA:112,0
DA:113,0
DA:118,0
DA:119,0
DA:128,0
DA:129,0
DA:138,0
DA:141,0
DA:143,0
DA:150,0
DA:152,0
DA:153,0
DA:162,0
DA:163,0
DA:166,0
DA:167,0
DA:168,0
DA:171,0
DA:172,0
DA:175,0
DA:182,0
DA:184,0
DA:185,0
DA:189,0
DA:190,0
DA:191,0
DA:197,0
DA:202,0
DA:211,0
DA:212,0
DA:218,0
DA:221,0
DA:222,0
DA:223,0
DA:225,0
DA:226,0
DA:235,0
DA:248,0
DA:249,0
DA:255,0
DA:260,0
LF:82
LH:0
BRDA:25,0,0,0
BRDA:28,1,0,0
BRDA:28,1,1,0
BRDA:30,2,0,0
BRDA:30,2,1,0
BRDA:31,3,0,0
BRDA:31,3,1,0
BRDA:32,4,0,0
BRDA:32,4,1,0
BRDA:33,5,0,0
BRDA:33,5,1,0
BRDA:47,6,0,0
BRDA:47,6,1,0
BRDA:82,7,0,0
BRDA:82,7,1,0
BRDA:91,8,0,0
BRDA:91,8,1,0
BRDA:91,9,0,0
BRDA:91,9,1,0
BRDA:93,10,0,0
BRDA:93,10,1,0
BRDA:105,11,0,0
BRDA:105,11,1,0
BRDA:111,12,0,0
BRDA:111,12,1,0
BRDA:118,13,0,0
BRDA:118,13,1,0
BRDA:161,14,0,0
BRDA:162,15,0,0
BRDA:162,15,1,0
BRDA:166,16,0,0
BRDA:166,16,1,0
BRDA:171,17,0,0
BRDA:171,17,1,0
BRDA:171,18,0,0
BRDA:171,18,1,0
BRDA:184,19,0,0
BRDA:184,19,1,0
BRDA:184,20,0,0
BRDA:184,20,1,0
BRDA:190,21,0,0
BRDA:190,21,1,0
BRDA:190,22,0,0
BRDA:190,22,1,0
BRDA:211,23,0,0
BRDA:211,23,1,0
BRDA:211,24,0,0
BRDA:211,24,1,0
BRDA:211,24,2,0
BRDA:240,25,0,0
BRDA:240,25,1,0
BRDA:248,26,0,0
BRDA:248,26,1,0
BRF:53
BRH:0
end_of_record
TN:
SF:src/js/utils/file_validator.js
FN:28,(anonymous_0)
FN:53,(anonymous_1)
FN:78,(anonymous_2)
FN:100,(anonymous_3)
FN:136,(anonymous_4)
FN:162,(anonymous_5)
FNF:6
FNH:0
FNDA:0,(anonymous_0)
FNDA:0,(anonymous_1)
FNDA:0,(anonymous_2)
FNDA:0,(anonymous_3)
FNDA:0,(anonymous_4)
FNDA:0,(anonymous_5)
DA:8,0
DA:9,0
DA:10,0
DA:29,0
DA:30,0
DA:36,0
DA:54,0
DA:55,0
DA:56,0
DA:62,0
DA:79,0
DA:80,0
DA:101,0
DA:102,0
DA:105,0
DA:106,0
DA:108,0
DA:109,0
DA:115,0
DA:137,0
DA:138,0
DA:144,0
DA:163,0
DA:164,0
DA:170,0
DA:172,0
DA:176,0
LF:27
LH:0
BRDA:29,0,0,0
BRDA:29,0,1,0
BRDA:55,1,0,0
BRDA:55,1,1,0
BRDA:106,2,0,0
BRDA:106,2,1,0
BRDA:106,2,2,0
BRDA:108,3,0,0
BRDA:108,3,1,0
BRDA:136,4,0,0
BRDA:137,5,0,0
BRDA:137,5,1,0
BRDA:163,6,0,0
BRDA:163,6,1,0
BRF:14
BRH:0
end_of_record
